{
  "RSpec": {
    "coverage": {
      "/Users/ericruacho/RubymineProjects/Iter3-2/group5_fall2018/spec/controllers/search_book_controller_spec.rb": [
        1,
        null,
        1,
        1,
        5,
        5,
        5,
        5,
        5,
        null,
        5,
        5,
        5,
        5,
        null,
        5,
        5,
        5,
        5,
        5,
        5,
        5,
        null,
        1,
        null,
        1,
        1,
        1,
        null,
        null,
        1,
        1,
        1,
        1,
        null,
        null,
        null,
        1,
        null,
        1,
        null,
        null,
        1,
        1,
        null,
        1,
        null,
        1,
        null,
        1,
        null,
        1,
        null,
        null,
        null,
        null,
        1,
        1,
        null,
        1,
        null,
        1,
        null,
        1,
        null,
        1,
        null,
        1,
        null,
        null,
        1,
        1,
        null,
        1,
        null,
        1,
        null,
        1,
        null,
        1,
        null,
        1,
        null,
        null,
        null,
        null
      ],
      "/Users/ericruacho/RubymineProjects/Iter3-2/group5_fall2018/spec/rails_helper.rb": [
        null,
        1,
        1,
        1,
        null,
        1,
        1,
        null,
        null,
        null,
        null,
        null,
        null,
        null,
        null,
        null,
        null,
        null,
        null,
        null,
        null,
        null,
        null,
        null,
        null,
        null,
        1,
        1,
        null,
        0,
        0,
        null,
        1,
        null,
        1,
        null,
        null,
        null,
        null,
        1,
        null,
        null,
        null,
        null,
        null,
        null,
        null,
        null,
        null,
        null,
        null,
        null,
        null,
        null,
        1,
        null,
        null,
        1,
        null,
        null,
        null
      ],
      "/Users/ericruacho/RubymineProjects/Iter3-2/group5_fall2018/config/environment.rb": [
        null,
        1,
        null,
        null,
        1
      ],
      "/Users/ericruacho/RubymineProjects/Iter3-2/group5_fall2018/config/application.rb": [
        1,
        null,
        1,
        null,
        null,
        null,
        1,
        null,
        1,
        1,
        null,
        1,
        null,
        null,
        null,
        null,
        null,
        null,
        null
      ],
      "/Users/ericruacho/RubymineProjects/Iter3-2/group5_fall2018/config/boot.rb": [
        1,
        null,
        1,
        1
      ],
      "/Users/ericruacho/RubymineProjects/Iter3-2/group5_fall2018/config/environments/test.rb": [
        1,
        null,
        null,
        null,
        null,
        null,
        null,
        1,
        null,
        null,
        null,
        null,
        1,
        null,
        null,
        1,
        1,
        null,
        null,
        null,
        null,
        1,
        1,
        null,
        null,
        1,
        null,
        null,
        1,
        null,
        null,
        1,
        null,
        1,
        null,
        null,
        null,
        null,
        1,
        null,
        null,
        1,
        null,
        null,
        null,
        null
      ],
      "/Users/ericruacho/RubymineProjects/Iter3-2/group5_fall2018/config/initializers/application_controller_renderer.rb": [
        null,
        null,
        null,
        null,
        null,
        null,
        null,
        null
      ],
      "/Users/ericruacho/RubymineProjects/Iter3-2/group5_fall2018/config/initializers/assets.rb": [
        null,
        null,
        null,
        1,
        null,
        null,
        null,
        null,
        1,
        null,
        null,
        null,
        null,
        null
      ],
      "/Users/ericruacho/RubymineProjects/Iter3-2/group5_fall2018/config/initializers/backtrace_silencers.rb": [
        null,
        null,
        null,
        null,
        null,
        null,
        null
      ],
      "/Users/ericruacho/RubymineProjects/Iter3-2/group5_fall2018/config/initializers/content_security_policy.rb": [
        null,
        null,
        null,
        null,
        null,
        null,
        null,
        null,
        null,
        null,
        null,
        null,
        null,
        null,
        null,
        null,
        null,
        null,
        null,
        null,
        null,
        null,
        null,
        null,
        null
      ],
      "/Users/ericruacho/RubymineProjects/Iter3-2/group5_fall2018/config/initializers/cookies_serializer.rb": [
        null,
        null,
        null,
        null,
        1
      ],
      "/Users/ericruacho/RubymineProjects/Iter3-2/group5_fall2018/config/initializers/cors.rb": [
        null,
        null,
        null,
        null,
        null,
        null,
        null
      ],
      "/Users/ericruacho/RubymineProjects/Iter3-2/group5_fall2018/config/initializers/filter_parameter_logging.rb": [
        null,
        null,
        null,
        1
      ],
      "/Users/ericruacho/RubymineProjects/Iter3-2/group5_fall2018/config/initializers/inflections.rb": [
        null,
        null,
        null,
        null,
        null,
        null,
        null,
        null,
        null,
        null,
        null,
        null,
        null,
        null,
        null,
        null
      ],
      "/Users/ericruacho/RubymineProjects/Iter3-2/group5_fall2018/config/initializers/mime_types.rb": [
        null,
        null,
        null,
        null
      ],
      "/Users/ericruacho/RubymineProjects/Iter3-2/group5_fall2018/config/initializers/wrap_parameters.rb": [
        null,
        null,
        null,
        null,
        null,
        null,
        1,
        2,
        null,
        null,
        null,
        null,
        null,
        null
      ],
      "/Users/ericruacho/RubymineProjects/Iter3-2/group5_fall2018/config/routes.rb": [
        1,
        1,
        null,
        1,
        1,
        1,
        null,
        1,
        1,
        1,
        null,
        1,
        1,
        1,
        null,
        1,
        1,
        1,
        null,
        1,
        1,
        1,
        null,
        1,
        1,
        null,
        1,
        1,
        1,
        1,
        null,
        1,
        1,
        null,
        1,
        null,
        null
      ],
      "/Users/ericruacho/RubymineProjects/Iter3-2/group5_fall2018/app/helpers/add_book_helper.rb": [
        1,
        null
      ],
      "/Users/ericruacho/RubymineProjects/Iter3-2/group5_fall2018/app/helpers/application_helper.rb": [
        1,
        null
      ],
      "/Users/ericruacho/RubymineProjects/Iter3-2/group5_fall2018/app/helpers/dashboard_helper.rb": [
        1,
        null
      ],
      "/Users/ericruacho/RubymineProjects/Iter3-2/group5_fall2018/app/helpers/home_helper.rb": [
        1,
        null
      ],
      "/Users/ericruacho/RubymineProjects/Iter3-2/group5_fall2018/app/helpers/login_helper.rb": [
        1,
        1,
        0,
        null,
        1,
        0,
        0,
        null,
        null,
        1,
        0,
        0,
        0,
        null,
        0,
        null,
        null,
        null
      ],
      "/Users/ericruacho/RubymineProjects/Iter3-2/group5_fall2018/app/helpers/search_book_helper.rb": [
        1,
        null
      ],
      "/Users/ericruacho/RubymineProjects/Iter3-2/group5_fall2018/app/helpers/sessions_helper.rb": [
        1,
        null
      ],
      "/Users/ericruacho/RubymineProjects/Iter3-2/group5_fall2018/app/helpers/textbook_wishlist_helper.rb": [
        1,
        null
      ],
      "/Users/ericruacho/RubymineProjects/Iter3-2/group5_fall2018/app/controllers/search_book_controller.rb": [
        1,
        1,
        null,
        5,
        5,
        5,
        null,
        5,
        0,
        null,
        5,
        null,
        null,
        5,
        null,
        5,
        5,
        null,
        5,
        5,
        null,
        null,
        null
      ],
      "/Users/ericruacho/RubymineProjects/Iter3-2/group5_fall2018/app/controllers/application_controller.rb": [
        1,
        null,
        1,
        1,
        null,
        null,
        null
      ],
      "/Users/ericruacho/RubymineProjects/Iter3-2/group5_fall2018/app/models/account.rb": [
        1,
        1,
        11,
        1,
        1,
        1,
        null,
        1,
        1,
        null,
        1,
        null,
        null,
        null,
        1,
        null,
        null,
        null,
        null
      ],
      "/Users/ericruacho/RubymineProjects/Iter3-2/group5_fall2018/app/models/application_record.rb": [
        1,
        1,
        null
      ],
      "/Users/ericruacho/RubymineProjects/Iter3-2/group5_fall2018/app/models/book.rb": [
        1,
        1,
        1,
        1,
        1,
        1,
        1,
        null,
        null,
        null,
        1,
        7,
        0,
        null,
        7,
        null,
        null,
        null,
        null,
        1,
        null,
        3,
        3,
        null,
        1,
        1,
        1,
        1,
        1,
        2,
        0,
        2,
        0,
        2,
        0,
        2,
        0,
        null,
        null,
        1,
        1,
        null,
        2,
        1,
        2,
        null,
        2,
        1,
        null,
        1,
        2,
        1,
        null,
        null,
        0,
        null,
        null,
        null
      ]
    },
    "timestamp": 1541886731
  }
}
